  % Total    % Received % Xferd  Average Speed   Time    Time     Time  Current
                                 Dload  Upload   Total   Spent    Left  Speed

  0     0    0     0    0     0      0      0 --:--:-- --:--:-- --:--:--     0
  0    20    0     0    0     0      0      0 --:--:-- --:--:-- --:--:--     0
100    20  100    20    0     0     41      0 --:--:-- --:--:-- --:--:--    41
This returned a none  % Total    % Received % Xferd  Average Speed   Time    Time     Time  Current
                                 Dload  Upload   Total   Spent    Left  Speed

  0     0    0     0    0     0      0      0 --:--:-- --:--:-- --:--:--     0
  0     0    0     0    0     0      0      0 --:--:--  0:00:01 --:--:--     0
  0     0    0     0    0     0      0      0 --:--:--  0:00:02 --:--:--     0
  0     0    0     0    0     0      0      0 --:--:--  0:00:03 --:--:--     0
  0     0    0     0    0     0      0      0 --:--:--  0:00:04 --:--:--     0
  0     0    0     0    0     0      0      0 --:--:--  0:00:05 --:--:--     0
  0     0    0     0    0     0      0      0 --:--:--  0:00:06 --:--:--     0
  0     0    0     0    0     0      0      0 --:--:--  0:00:07 --:--:--     0
  0     0    0     0    0     0      0      0 --:--:--  0:00:08 --:--:--     0
  0     0    0     0    0     0      0      0 --:--:--  0:00:09 --:--:--     0
  0     0    0     0    0     0      0      0 --:--:--  0:00:10 --:--:--     0
  0     0    0     0    0     0      0      0 --:--:--  0:00:11 --:--:--     0
  0     0    0     0    0     0      0      0 --:--:--  0:00:12 --:--:--     0
  0     0    0     0    0     0      0      0 --:--:--  0:00:13 --:--:--     0
  0     0    0     0    0     0      0      0 --:--:--  0:00:14 --:--:--     0
  0     0    0     0    0     0      0      0 --:--:--  0:00:15 --:--:--     0
  0     0    0     0    0     0      0      0 --:--:--  0:00:16 --:--:--     0
  0     0    0     0    0     0      0      0 --:--:--  0:00:17 --:--:--     0
  0     0    0     0    0     0      0      0 --:--:--  0:00:18 --:--:--     0
  0     0    0     0    0     0      0      0 --:--:--  0:00:19 --:--:--     0
  0     0    0     0    0     0      0      0 --:--:--  0:00:20 --:--:--     0
  0     0    0     0    0     0      0      0 --:--:--  0:00:21 --:--:--     0
  0     0    0     0    0     0      0      0 --:--:--  0:00:22 --:--:--     0
  0     0    0     0    0     0      0      0 --:--:--  0:00:23 --:--:--     0
  0     0    0     0    0     0      0      0 --:--:--  0:00:24 --:--:--     0
  0     0    0     0    0     0      0      0 --:--:--  0:00:25 --:--:--     0
  0     0    0     0    0     0      0      0 --:--:--  0:00:26 --:--:--     0
  0     0    0     0    0     0      0      0 --:--:--  0:00:27 --:--:--     0
  0     0    0     0    0     0      0      0 --:--:--  0:00:28 --:--:--     0
  0     0    0     0    0     0      0      0 --:--:--  0:00:29 --:--:--     0
  0     0    0     0    0     0      0      0 --:--:--  0:00:30 --:--:--     0
  0     0    0     0    0     0      0      0 --:--:--  0:00:31 --:--:--     0
  0     0    0     0    0     0      0      0 --:--:--  0:00:32 --:--:--     0
  0     0    0     0    0     0      0      0 --:--:--  0:00:33 --:--:--     0
  0     0    0     0    0     0      0      0 --:--:--  0:00:34 --:--:--     0
  0     0    0     0    0     0      0      0 --:--:--  0:00:35 --:--:--     0
  0     0    0     0    0     0      0      0 --:--:--  0:00:36 --:--:--     0
  0     0    0     0    0     0      0      0 --:--:--  0:00:37 --:--:--     0
  0     0    0     0    0     0      0      0 --:--:--  0:00:38 --:--:--     0
  0     0    0     0    0     0      0      0 --:--:--  0:00:39 --:--:--     0
  0     0    0     0    0     0      0      0 --:--:--  0:00:40 --:--:--     0
100    20    0    20    0     0      0      0 --:--:--  0:00:40 --:--:--     4
This returned a none  % Total    % Received % Xferd  Average Speed   Time    Time     Time  Current
                                 Dload  Upload   Total   Spent    Left  Speed

  0     0    0     0    0     0      0      0 --:--:-- --:--:-- --:--:--     0
100    20  100    20    0     0     41      0 --:--:-- --:--:-- --:--:--    41
100    20  100    20    0     0     41      0 --:--:-- --:--:-- --:--:--    41
This returned a none
S
  % Total    % Received % Xferd  Average Speed   Time    Time     Time  Current
                                 Dload  Upload   Total   Spent    Left  Speed

  0     0    0     0    0     0      0      0 --:--:-- --:--:-- --:--:--     0
  0     0    0     0    0     0      0      0 --:--:--  0:00:01 --:--:--     0
  0     0    0     0    0     0      0      0 --:--:--  0:00:02 --:--:--     0
  0     0    0     0    0     0      0      0 --:--:--  0:00:03 --:--:--     0
  0     0    0     0    0     0      0      0 --:--:--  0:00:04 --:--:--     0
  0     0    0     0    0     0      0      0 --:--:--  0:00:05 --:--:--     0
  0     0    0     0    0     0      0      0 --:--:--  0:00:06 --:--:--     0
  0     0    0     0    0     0      0      0 --:--:--  0:00:07 --:--:--     0
  0     0    0     0    0     0      0      0 --:--:--  0:00:08 --:--:--     0
  0     0    0     0    0     0      0      0 --:--:--  0:00:09 --:--:--     0
  0     0    0     0    0     0      0      0 --:--:--  0:00:10 --:--:--     0
  0     0    0     0    0     0      0      0 --:--:--  0:00:11 --:--:--     0
  0     0    0     0    0     0      0      0 --:--:--  0:00:12 --:--:--     0
  0     0    0     0    0     0      0      0 --:--:--  0:00:13 --:--:--     0
  0     0    0     0    0     0      0      0 --:--:--  0:00:14 --:--:--     0
  0     0    0     0    0     0      0      0 --:--:--  0:00:15 --:--:--     0
  0     0    0     0    0     0      0      0 --:--:--  0:00:16 --:--:--     0
  0     0    0     0    0     0      0      0 --:--:--  0:00:17 --:--:--     0
  0     0    0     0    0     0      0      0 --:--:--  0:00:18 --:--:--     0
  0     0    0     0    0     0      0      0 --:--:--  0:00:19 --:--:--     0
  0     0    0     0    0     0      0      0 --:--:--  0:00:20 --:--:--     0
  0     0    0     0    0     0      0      0 --:--:--  0:00:21 --:--:--     0
  0     0    0     0    0     0      0      0 --:--:--  0:00:22 --:--:--     0
  0     0    0     0    0     0      0      0 --:--:--  0:00:23 --:--:--     0
  0     0    0     0    0     0      0      0 --:--:--  0:00:24 --:--:--     0
  0     0    0     0    0     0      0      0 --:--:--  0:00:25 --:--:--     0
  0     0    0     0    0     0      0      0 --:--:--  0:00:26 --:--:--     0
  0     0    0     0    0     0      0      0 --:--:--  0:00:27 --:--:--     0
  0     0    0     0    0     0      0      0 --:--:--  0:00:28 --:--:--     0
  0     0    0     0    0     0      0      0 --:--:--  0:00:29 --:--:--     0
  0     0    0     0    0     0      0      0 --:--:--  0:00:30 --:--:--     0
100    20    0    20    0     0      0      0 --:--:--  0:00:30 --:--:--     4
This returned a none  % Total    % Received % Xferd  Average Speed   Time    Time     Time  Current
                                 Dload  Upload   Total   Spent    Left  Speed

  0     0    0     0    0     0      0      0 --:--:-- --:--:-- --:--:--     0
100    20  100    20    0     0     35      0 --:--:-- --:--:-- --:--:--    35
100    20  100    20    0     0     35      0 --:--:-- --:--:-- --:--:--    35
This returned a none  % Total    % Received % Xferd  Average Speed   Time    Time     Time  Current
                                 Dload  Upload   Total   Spent    Left  Speed

  0     0    0     0    0     0      0      0 --:--:-- --:--:-- --:--:--     0
  0     0    0     0    0     0      0      0 --:--:--  0:00:01 --:--:--     0
  0     0    0     0    0     0      0      0 --:--:--  0:00:02 --:--:--     0
  0     0    0     0    0     0      0      0 --:--:--  0:00:03 --:--:--     0
  0     0    0     0    0     0      0      0 --:--:--  0:00:04 --:--:--     0
  0     0    0     0    0     0      0      0 --:--:--  0:00:05 --:--:--     0
  0     0    0     0    0     0      0      0 --:--:--  0:00:06 --:--:--     0
  0     0    0     0    0     0      0      0 --:--:--  0:00:07 --:--:--     0
  0     0    0     0    0     0      0      0 --:--:--  0:00:08 --:--:--     0
  0     0    0     0    0     0      0      0 --:--:--  0:00:09 --:--:--     0
  0     0    0     0    0     0      0      0 --:--:--  0:00:10 --:--:--     0
  0     0    0     0    0     0      0      0 --:--:--  0:00:11 --:--:--     0
  0     0    0     0    0     0      0      0 --:--:--  0:00:12 --:--:--     0
  0     0    0     0    0     0      0      0 --:--:--  0:00:13 --:--:--     0
  0     0    0     0    0     0      0      0 --:--:--  0:00:14 --:--:--     0
  0     0    0     0    0     0      0      0 --:--:--  0:00:15 --:--:--     0
  0     0    0     0    0     0      0      0 --:--:--  0:00:16 --:--:--     0
  0     0    0     0    0     0      0      0 --:--:--  0:00:17 --:--:--     0
  0     0    0     0    0     0      0      0 --:--:--  0:00:18 --:--:--     0
  0     0    0     0    0     0      0      0 --:--:--  0:00:19 --:--:--     0
  0     0    0     0    0     0      0      0 --:--:--  0:00:20 --:--:--     0
  0     0    0     0    0     0      0      0 --:--:--  0:00:21 --:--:--     0
  0     0    0     0    0     0      0      0 --:--:--  0:00:22 --:--:--     0
  0     0    0     0    0     0      0      0 --:--:--  0:00:23 --:--:--     0
  0     0    0     0    0     0      0      0 --:--:--  0:00:24 --:--:--     0
  0     0    0     0    0     0      0      0 --:--:--  0:00:25 --:--:--     0
  0     0    0     0    0     0      0      0 --:--:--  0:00:26 --:--:--     0
  0     0    0     0    0     0      0      0 --:--:--  0:00:27 --:--:--     0
  0     0    0     0    0     0      0      0 --:--:--  0:00:28 --:--:--     0
  0     0    0     0    0     0      0      0 --:--:--  0:00:29 --:--:--     0
  0     0    0     0    0     0      0      0 --:--:--  0:00:30 --:--:--     0
  0     0    0     0    0     0      0      0 --:--:--  0:00:31 --:--:--     0
  0     0    0     0    0     0      0      0 --:--:--  0:00:32 --:--:--     0
  0     0    0     0    0     0      0      0 --:--:--  0:00:33 --:--:--     0
  0     0    0     0    0     0      0      0 --:--:--  0:00:34 --:--:--     0
  0     0    0     0    0     0      0      0 --:--:--  0:00:35 --:--:--     0
  0     0    0     0    0     0      0      0 --:--:--  0:00:36 --:--:--     0
  0     0    0     0    0     0      0      0 --:--:--  0:00:37 --:--:--     0
  0     0    0     0    0     0      0      0 --:--:--  0:00:38 --:--:--     0
  0     0    0     0    0     0      0      0 --:--:--  0:00:39 --:--:--     0
  0     0    0     0    0     0      0      0 --:--:--  0:00:40 --:--:--     0
100    20    0    20    0     0      0      0 --:--:--  0:00:40 --:--:--     4
This returned a none  % Total    % Received % Xferd  Average Speed   Time    Time     Time  Current
                                 Dload  Upload   Total   Spent    Left  Speed

  0     0    0     0    0     0      0      0 --:--:-- --:--:-- --:--:--     0
  0     0    0     0    0     0      0      0 --:--:-- --:--:-- --:--:--     0
100    20  100    20    0     0     41      0 --:--:-- --:--:-- --:--:--    41
This returned a none  % Total    % Received % Xferd  Average Speed   Time    Time     Time  Current
                                 Dload  Upload   Total   Spent    Left  Speed

  0     0    0     0    0     0      0      0 --:--:-- --:--:-- --:--:--     0
100    20  100    20    0     0     39      0 --:--:-- --:--:-- --:--:--    39
This returned a none  % Total    % Received % Xferd  Average Speed   Time    Time     Time  Current
                                 Dload  Upload   Total   Spent    Left  Speed

  0     0    0     0    0     0      0      0 --:--:-- --:--:-- --:--:--     0
  0     0    0     0    0     0      0      0 --:--:-- --:--:-- --:--:--     0
100    20  100    20    0     0     35      0 --:--:-- --:--:-- --:--:--    35
This returned a none






















  % Total    % Received % Xferd  Average Speed   Time    Time     Time  Current
                                 Dload  Upload   Total   Spent    Left  Speed

  0     0    0     0    0     0      0      0 --:--:-- --:--:-- --:--:--     0
  0    20    0     0    0     0      0      0 --:--:-- --:--:-- --:--:--     0
100    20  100    20    0     0     42      0 --:--:-- --:--:-- --:--:--    42
This returned a none  % Total    % Received % Xferd  Average Speed   Time    Time     Time  Current
                                 Dload  Upload   Total   Spent    Left  Speed

  0     0    0     0    0     0      0      0 --:--:-- --:--:-- --:--:--     0
100    20  100    20    0     0     40      0 --:--:-- --:--:-- --:--:--    40
This returned a none    % Total    % Received % Xferd  Average Speed   Time    Time     Time  Current
                                 Dload  Upload   Total   Spent    Left  Speed
  0     0    0     0    0     0      0      0 --:--:-- --:--:-- --:--:--     0  0    20    0     0    0     0      0      0 --:--:-- --:--:-- --:--:--     0100    20  100    20    0     0     39      0 --:--:-- --:--:-- --:--:--    39
This returned a none  % Total    % Received % Xferd  Average Speed   Time    Time     Time  Current
                                 Dload  Upload   Total   Spent    Left  Speed
  0     0    0     0    0     0      0      0 --:--:-- --:--:-- --:--:--     0  0     0    0     0    0     0      0      0 --:--:-- --:--:-- --:--:--     0
curl: (7) Failed to connect to 127.0.0.1 port 5000 after 1 ms: Connection refused
  % Total    % Received % Xferd  Average Speed   Time    Time     Time  Current
                                 Dload  Upload   Total   Spent    Left  Speed
  0     0    0     0    0     0      0      0 --:--:-- --:--:-- --:--:--     0  0     0    0     0    0     0      0      0 --:--:-- --:--:-- --:--:--     0
curl: (7) Failed to connect to 127.0.0.1 port 5000 after 1 ms: Connection refused
  % Total    % Received % Xferd  Average Speed   Time    Time     Time  Current
                                 Dload  Upload   Total   Spent    Left  Speed
  0     0    0     0    0     0      0      0 --:--:-- --:--:-- --:--:--     0  0     0    0     0    0     0      0      0 --:--:-- --:--:-- --:--:--     0
curl: (7) Failed to connect to 127.0.0.1 port 5000 after 0 ms: Connection refused
  % Total    % Received % Xferd  Average Speed   Time    Time     Time  Current
                                 Dload  Upload   Total   Spent    Left  Speed
  0     0    0     0    0     0      0      0 --:--:-- --:--:-- --:--:--     0  0     0    0     0    0     0      0      0 --:--:-- --:--:-- --:--:--     0
curl: (7) Failed to connect to 127.0.0.1 port 5000 after 0 ms: Connection refused
  % Total    % Received % Xferd  Average Speed   Time    Time     Time  Current
                                 Dload  Upload   Total   Spent    Left  Speed
  0     0    0     0    0     0      0      0 --:--:-- --:--:-- --:--:--     0  0     0    0     0    0     0      0      0 --:--:-- --:--:-- --:--:--     0
curl: (7) Failed to connect to 127.0.0.1 port 5000 after 0 ms: Connection refused
